<?xml version="1.0" encoding="UTF-8"?>
<testsuite name="TestFunctions" tests="1" skipped="0" failures="0" errors="0" timestamp="2017-11-20T23:36:24" hostname="Pascals-MBP" time="0.02">
  <properties/>
  <testcase name="collection" classname="TestFunctions" time="0.02"/>
  <system-out><![CDATA[]]></system-out>
  <system-err><![CDATA[]]></system-err>
</testsuite>
